{"/home/gabriel/Documents/Projetos/projeto21-singmeasong/projeto21-singmeasong/back-end/src/services/recommendationsService.ts": {"path":"/home/gabriel/Documents/Projetos/projeto21-singmeasong/projeto21-singmeasong/back-end/src/services/recommendationsService.ts","statementMap":{"0":{"start":{"line":2,"column":0},"end":{"line":2,"column":87}},"1":{"start":{"line":3,"column":0},"end":{"line":3,"column":70}},"2":{"start":{"line":4,"column":0},"end":{"line":4,"column":80}},"3":{"start":{"line":9,"column":33},"end":{"line":10,"column":null}},"4":{"start":{"line":12,"column":2},"end":{"line":13,"column":64}},"5":{"start":{"line":13,"column":4},"end":{"line":13,"column":64}},"6":{"start":{"line":15,"column":2},"end":{"line":15,"column":66}},"7":{"start":{"line":19,"column":2},"end":{"line":19,"column":65}},"8":{"start":{"line":21,"column":2},"end":{"line":21,"column":62}},"9":{"start":{"line":25,"column":2},"end":{"line":25,"column":65}},"10":{"start":{"line":27,"column":32},"end":{"line":29,"column":null}},"11":{"start":{"line":32,"column":2},"end":{"line":34,"column":null}},"12":{"start":{"line":33,"column":4},"end":{"line":33,"column":46}},"13":{"start":{"line":38,"column":25},"end":{"line":38,"column":64}},"14":{"start":{"line":39,"column":2},"end":{"line":39,"column":45}},"15":{"start":{"line":39,"column":23},"end":{"line":39,"column":45}},"16":{"start":{"line":41,"column":2},"end":{"line":41,"column":24}},"17":{"start":{"line":45,"column":2},"end":{"line":45,"column":44}},"18":{"start":{"line":49,"column":2},"end":{"line":49,"column":59}},"19":{"start":{"line":53,"column":17},"end":{"line":53,"column":30}},"20":{"start":{"line":55,"column":4},"end":{"line":55,"column":71}},"21":{"start":{"line":57,"column":26},"end":{"line":57,"column":100}},"22":{"start":{"line":58,"column":2},"end":{"line":60,"column":null}},"23":{"start":{"line":59,"column":4},"end":{"line":59,"column":26}},"24":{"start":{"line":62,"column":22},"end":{"line":62,"column":72}},"25":{"start":{"line":63,"column":2},"end":{"line":63,"column":38}},"26":{"start":{"line":67,"column":26},"end":{"line":70,"column":4}},"27":{"start":{"line":72,"column":2},"end":{"line":74,"column":null}},"28":{"start":{"line":73,"column":4},"end":{"line":73,"column":27}},"29":{"start":{"line":76,"column":2},"end":{"line":76,"column":44}},"30":{"start":{"line":80,"column":2},"end":{"line":82,"column":null}},"31":{"start":{"line":81,"column":4},"end":{"line":81,"column":16}},"32":{"start":{"line":84,"column":2},"end":{"line":84,"column":15}},"33":{"start":{"line":87,"column":13},"end":{"line":97,"column":2}}},"fnMap":{"0":{"name":"insert","decl":{"start":{"line":8,"column":15},"end":{"line":8,"column":21}},"loc":{"start":{"line":8,"column":72},"end":{"line":16,"column":null}}},"1":{"name":"upvote","decl":{"start":{"line":18,"column":15},"end":{"line":18,"column":21}},"loc":{"start":{"line":18,"column":32},"end":{"line":22,"column":null}}},"2":{"name":"downvote","decl":{"start":{"line":24,"column":15},"end":{"line":24,"column":23}},"loc":{"start":{"line":24,"column":34},"end":{"line":35,"column":null}}},"3":{"name":"getByIdOrFail","decl":{"start":{"line":37,"column":15},"end":{"line":37,"column":28}},"loc":{"start":{"line":37,"column":39},"end":{"line":42,"column":null}}},"4":{"name":"get","decl":{"start":{"line":44,"column":15},"end":{"line":44,"column":18}},"loc":{"start":{"line":44,"column":18},"end":{"line":46,"column":null}}},"5":{"name":"getTop","decl":{"start":{"line":48,"column":15},"end":{"line":48,"column":21}},"loc":{"start":{"line":48,"column":36},"end":{"line":50,"column":null}}},"6":{"name":"getRandom","decl":{"start":{"line":52,"column":15},"end":{"line":52,"column":24}},"loc":{"start":{"line":52,"column":24},"end":{"line":64,"column":null}}},"7":{"name":"getByScore","decl":{"start":{"line":66,"column":15},"end":{"line":66,"column":25}},"loc":{"start":{"line":66,"column":51},"end":{"line":77,"column":null}}},"8":{"name":"getScoreFilter","decl":{"start":{"line":79,"column":9},"end":{"line":79,"column":23}},"loc":{"start":{"line":79,"column":38},"end":{"line":85,"column":1}}}},"branchMap":{"0":{"loc":{"start":{"line":12,"column":2},"end":{"line":13,"column":64}},"type":"if","locations":[{"start":{"line":12,"column":2},"end":{"line":13,"column":64}}]},"1":{"loc":{"start":{"line":32,"column":2},"end":{"line":34,"column":null}},"type":"if","locations":[{"start":{"line":32,"column":2},"end":{"line":34,"column":null}}]},"2":{"loc":{"start":{"line":39,"column":2},"end":{"line":39,"column":45}},"type":"if","locations":[{"start":{"line":39,"column":2},"end":{"line":39,"column":45}}]},"3":{"loc":{"start":{"line":58,"column":2},"end":{"line":60,"column":null}},"type":"if","locations":[{"start":{"line":58,"column":2},"end":{"line":60,"column":null}}]},"4":{"loc":{"start":{"line":72,"column":2},"end":{"line":74,"column":null}},"type":"if","locations":[{"start":{"line":72,"column":2},"end":{"line":74,"column":null}}]},"5":{"loc":{"start":{"line":80,"column":2},"end":{"line":82,"column":null}},"type":"if","locations":[{"start":{"line":80,"column":2},"end":{"line":82,"column":null}}]}},"s":{"0":1,"1":1,"2":1,"3":2,"4":2,"5":1,"6":1,"7":1,"8":1,"9":2,"10":2,"11":2,"12":1,"13":2,"14":2,"15":1,"16":1,"17":1,"18":1,"19":2,"20":2,"21":2,"22":2,"23":1,"24":1,"25":1,"26":2,"27":2,"28":1,"29":1,"30":4,"31":2,"32":2,"33":1},"f":{"0":2,"1":1,"2":2,"3":2,"4":1,"5":1,"6":2,"7":2,"8":4},"b":{"0":[1],"1":[1],"2":[1],"3":[1],"4":[1],"5":[2]}}
}
