TN:
SF:src/services/recommendationsService.ts
FN:8,insert
FN:18,upvote
FN:24,downvote
FN:37,getByIdOrFail
FN:44,get
FN:48,getTop
FN:52,getRandom
FN:65,getByScore
FN:78,getScoreFilter
FNF:9
FNH:2
FNDA:2,insert
FNDA:1,upvote
FNDA:0,downvote
FNDA:0,getByIdOrFail
FNDA:0,get
FNDA:0,getTop
FNDA:0,getRandom
FNDA:0,getByScore
FNDA:0,getScoreFilter
DA:2,1
DA:3,1
DA:4,1
DA:9,2
DA:12,2
DA:13,1
DA:15,1
DA:19,1
DA:21,1
DA:25,0
DA:27,0
DA:32,0
DA:33,0
DA:38,0
DA:39,0
DA:41,0
DA:45,0
DA:49,0
DA:53,0
DA:54,0
DA:56,0
DA:57,0
DA:58,0
DA:61,0
DA:62,0
DA:66,0
DA:71,0
DA:72,0
DA:75,0
DA:79,0
DA:80,0
DA:83,0
DA:86,1
LF:33
LH:10
BRDA:12,0,0,1
BRDA:32,1,0,0
BRDA:39,2,0,0
BRDA:57,3,0,0
BRDA:71,4,0,0
BRDA:79,5,0,0
BRF:6
BRH:1
end_of_record
