TN:
SF:src/services/recommendationsService.ts
FN:8,insert
FN:18,upvote
FN:24,downvote
FN:37,getByIdOrFail
FN:44,get
FN:48,getTop
FN:52,getRandom
FN:65,getByScore
FN:78,getScoreFilter
FNF:9
FNH:6
FNDA:2,insert
FNDA:1,upvote
FNDA:2,downvote
FNDA:2,getByIdOrFail
FNDA:1,get
FNDA:1,getTop
FNDA:0,getRandom
FNDA:0,getByScore
FNDA:0,getScoreFilter
DA:2,1
DA:3,1
DA:4,1
DA:9,2
DA:12,2
DA:13,1
DA:15,1
DA:19,1
DA:21,1
DA:25,2
DA:27,2
DA:32,2
DA:33,1
DA:38,2
DA:39,2
DA:41,1
DA:45,1
DA:49,1
DA:53,0
DA:54,0
DA:56,0
DA:57,0
DA:58,0
DA:61,0
DA:62,0
DA:66,0
DA:71,0
DA:72,0
DA:75,0
DA:79,0
DA:80,0
DA:83,0
DA:86,1
LF:33
LH:19
BRDA:12,0,0,1
BRDA:32,1,0,1
BRDA:39,2,0,1
BRDA:57,3,0,0
BRDA:71,4,0,0
BRDA:79,5,0,0
BRF:6
BRH:3
end_of_record
